{"level":"info","message":"Winston logging is set up!","timestamp":"2025-02-08T19:57:46.224Z"}
{"level":"error","message":"This is an error message","timestamp":"2025-02-08T19:57:46.228Z"}
{"level":"info","message":"Winston logging is set up!","timestamp":"2025-02-08T19:58:16.995Z"}
{"level":"error","message":"This is an error message","timestamp":"2025-02-08T19:58:16.998Z"}
{"level":"info","message":"Winston logging is set up!","timestamp":"2025-02-08T19:58:23.244Z"}
{"level":"error","message":"This is an error message","timestamp":"2025-02-08T19:58:23.247Z"}
{"level":"info","message":"Winston logging is set up!","timestamp":"2025-02-08T19:58:27.510Z"}
{"level":"error","message":"This is an error message","timestamp":"2025-02-08T19:58:27.513Z"}
{"level":"info","message":"Winston logging is set up!","timestamp":"2025-02-08T19:58:33.259Z"}
{"level":"error","message":"This is an error message","timestamp":"2025-02-08T19:58:33.263Z"}
{"level":"info","message":"Winston logging is set up!","timestamp":"2025-02-08T19:58:38.016Z"}
{"level":"error","message":"This is an error message","timestamp":"2025-02-08T19:58:38.019Z"}
{"level":"info","message":"Winston logging is set up!","timestamp":"2025-02-08T19:58:44.730Z"}
{"level":"error","message":"This is an error message","timestamp":"2025-02-08T19:58:44.733Z"}
{"level":"info","message":"Winston logging is set up!","timestamp":"2025-02-08T19:58:54.270Z"}
{"level":"error","message":"This is an error message","timestamp":"2025-02-08T19:58:54.273Z"}
{"level":"info","message":"Winston logging is set up!","timestamp":"2025-02-08T20:00:56.795Z"}
{"level":"error","message":"This is an error message","timestamp":"2025-02-08T20:00:56.798Z"}
{"level":"info","message":"Server is running on port 5000","timestamp":"2025-02-08T20:00:57.551Z"}
{"level":"info","message":"Winston logging is set up!","timestamp":"2025-02-08T20:01:44.950Z"}
{"level":"info","message":"Server is running on port 5000","timestamp":"2025-02-08T20:01:45.746Z"}
{"level":"info","message":"Winston logging is set up!","timestamp":"2025-02-08T20:02:16.306Z"}
{"level":"info","message":"Server is running on port 5000","timestamp":"2025-02-08T20:02:17.038Z"}
{"level":"info","message":"Winston logging is set up!","timestamp":"2025-02-08T20:02:48.048Z"}
{"level":"info","message":"Server is running on port 5000","timestamp":"2025-02-08T20:02:48.771Z"}
{"level":"info","message":"Winston logging is set up!","timestamp":"2025-02-08T20:03:09.642Z"}
{"level":"info","message":"Server is running on port 5000","timestamp":"2025-02-08T20:03:10.371Z"}
{"level":"info","message":"Winston logging is set up!","timestamp":"2025-02-08T20:03:22.028Z"}
{"level":"info","message":"Server is running on port 5000","timestamp":"2025-02-08T20:03:22.802Z"}
{"level":"info","message":"Winston logging is set up!","timestamp":"2025-02-08T20:03:30.796Z"}
{"level":"info","message":"Server is running on port 5000","timestamp":"2025-02-08T20:03:31.577Z"}
{"level":"info","message":"Winston logging is set up!","timestamp":"2025-02-08T20:03:39.859Z"}
{"level":"info","message":"Server is running on port 5000","timestamp":"2025-02-08T20:03:40.584Z"}
{"level":"info","message":"Winston logging is set up!","timestamp":"2025-02-08T20:03:58.705Z"}
{"level":"info","message":"Server is running on port 5000","timestamp":"2025-02-08T20:03:59.473Z"}
{"level":"info","message":"Winston logging is set up!","timestamp":"2025-02-08T20:04:01.427Z"}
{"level":"info","message":"Server is running on port 5000","timestamp":"2025-02-08T20:04:02.163Z"}
{"level":"info","message":"Winston logging is set up!","timestamp":"2025-02-08T20:04:06.946Z"}
{"level":"info","message":"Server is running on port 5000","timestamp":"2025-02-08T20:04:07.713Z"}
{"level":"info","message":"Winston logging is set up!","timestamp":"2025-02-08T20:04:08.430Z"}
{"level":"info","message":"Server is running on port 5000","timestamp":"2025-02-08T20:04:09.182Z"}
{"level":"info","message":"Winston logging is set up!","timestamp":"2025-02-08T20:04:13.456Z"}
{"level":"info","message":"Server is running on port 5000","timestamp":"2025-02-08T20:04:14.164Z"}
{"level":"info","message":"Winston logging is set up!","timestamp":"2025-02-08T20:04:38.469Z"}
{"level":"info","message":"Server is running on port 5000","timestamp":"2025-02-08T20:04:39.197Z"}
{"level":"info","message":"Connected to database successfully","timestamp":"2025-02-08T20:04:41.288Z"}
{"level":"info","message":"Winston logging is set up!","timestamp":"2025-02-08T20:05:23.614Z"}
{"level":"info","message":"Server is running on port 5000","timestamp":"2025-02-08T20:05:24.366Z"}
{"level":"info","message":"Connected to database successfully","timestamp":"2025-02-08T20:05:26.661Z"}
{"level":"info","message":"Winston logging is set up!","timestamp":"2025-02-08T20:06:03.560Z"}
{"level":"info","message":"Server is running on port 5000","timestamp":"2025-02-08T20:06:04.358Z"}
{"level":"info","message":"Connected to database successfully","timestamp":"2025-02-08T20:06:06.571Z"}
{"level":"info","message":"Winston logging is set up!","timestamp":"2025-02-08T20:06:14.249Z"}
{"level":"info","message":"Server is running on port 5000","timestamp":"2025-02-08T20:06:15.033Z"}
{"level":"info","message":"Connected to database successfully","timestamp":"2025-02-08T20:06:16.775Z"}
{"level":"info","message":"Winston logging is set up!","timestamp":"2025-02-08T20:06:57.072Z"}
{"level":"info","message":"Server is running on port 5000","timestamp":"2025-02-08T20:06:57.768Z"}
{"level":"info","message":"Connected to database successfully","timestamp":"2025-02-08T20:06:59.522Z"}
{"level":"info","message":"Winston logging is set up!","timestamp":"2025-02-08T20:08:26.227Z"}
{"level":"info","message":"Server is running on port 5000","timestamp":"2025-02-08T20:08:27.011Z"}
{"level":"info","message":"Connected to database successfully","timestamp":"2025-02-08T20:08:29.875Z"}
{"level":"info","message":"Winston logging is set up!","timestamp":"2025-02-08T20:09:14.483Z"}
{"level":"info","message":"Server is running on port 5000","timestamp":"2025-02-08T20:09:15.233Z"}
{"level":"info","message":"Connected to database successfully","timestamp":"2025-02-08T20:09:17.171Z"}
{"level":"info","message":"Winston logging is set up!","timestamp":"2025-02-08T20:10:01.427Z"}
{"level":"info","message":"Server is running on port 5000","timestamp":"2025-02-08T20:10:02.148Z"}
{"level":"info","message":"Connected to database successfully","timestamp":"2025-02-08T20:10:05.228Z"}
{"level":"info","message":"Winston logging is set up!","timestamp":"2025-02-08T20:10:06.502Z"}
{"level":"info","message":"Server is running on port 5000","timestamp":"2025-02-08T20:10:07.306Z"}
{"level":"info","message":"Winston logging is set up!","timestamp":"2025-02-08T20:10:08.839Z"}
{"level":"info","message":"Server is running on port 5000","timestamp":"2025-02-08T20:10:09.586Z"}
{"level":"info","message":"Connected to database successfully","timestamp":"2025-02-08T20:10:11.242Z"}
{"level":"info","message":"Connected to database successfully","timestamp":"2025-02-09T08:01:35.455Z"}
{"level":"info","message":"Winston logging is set up!","timestamp":"2025-02-09T08:23:25.576Z"}
{"level":"info","message":"Server is running on port 5000","timestamp":"2025-02-09T08:23:28.170Z"}
{"level":"info","message":"Connected to database successfully","timestamp":"2025-02-09T08:23:30.718Z"}
{"level":"info","message":"Winston logging is set up!","timestamp":"2025-02-09T08:27:28.273Z"}
{"level":"info","message":"Server is running on port 5000","timestamp":"2025-02-09T08:27:29.740Z"}
{"level":"info","message":"Connected to database successfully","timestamp":"2025-02-09T08:27:32.675Z"}
{"level":"info","message":"Winston logging is set up!","timestamp":"2025-02-09T08:29:44.456Z"}
{"level":"info","message":"Server is running on port 5000","timestamp":"2025-02-09T08:29:46.264Z"}
{"level":"info","message":"Connected to database successfully","timestamp":"2025-02-09T08:29:48.818Z"}
{"level":"info","message":"Winston logging is set up!","timestamp":"2025-02-09T08:30:04.599Z"}
{"level":"info","message":"Server is running on port 5000","timestamp":"2025-02-09T08:30:06.036Z"}
{"level":"info","message":"Connected to database successfully","timestamp":"2025-02-09T08:30:08.251Z"}
{"level":"info","message":"Winston logging is set up!","timestamp":"2025-02-09T08:42:02.548Z"}
{"level":"info","message":"Server is running on port 5000","timestamp":"2025-02-09T08:42:04.046Z"}
{"level":"info","message":"Connected to database successfully","timestamp":"2025-02-09T08:42:14.021Z"}
{"level":"info","message":"Winston logging is set up!","timestamp":"2025-02-09T08:42:16.328Z"}
{"level":"info","message":"Server is running on port 5000","timestamp":"2025-02-09T08:42:18.155Z"}
{"level":"info","message":"Connected to database successfully","timestamp":"2025-02-09T08:42:25.418Z"}
{"level":"info","message":"Winston logging is set up!","timestamp":"2025-02-09T08:45:17.933Z"}
{"level":"info","message":"Server is running on port 5000","timestamp":"2025-02-09T08:45:19.570Z"}
{"level":"info","message":"Winston logging is set up!","timestamp":"2025-02-09T08:45:20.503Z"}
{"level":"info","message":"Server is running on port 5000","timestamp":"2025-02-09T08:45:22.285Z"}
{"level":"info","message":"Winston logging is set up!","timestamp":"2025-02-09T08:52:59.163Z"}
{"level":"info","message":"Server is running on port 5000","timestamp":"2025-02-09T08:53:01.209Z"}
{"level":"info","message":"Connected to database successfully","timestamp":"2025-02-09T08:53:08.504Z"}
{"body":{},"clientIP":"::1","headers":{"accept":"*/*","accept-encoding":"gzip, deflate, br","connection":"keep-alive","cookie":"access_token=eyJhbGciOiJIUzI1NiIsInR5cCI6IkpXVCJ9.eyJpZCI6IjY3YTRkNDZkN2ZjYjhiMTZiMWFiM2Y2ZSIsImlhdCI6MTczODkyMzEwMiwiZXhwIjoxNzM4OTI2NzAyfQ.fZAk_ANOsFpHNWCvdrmgVlQr60rMxhXSTqX3NODjVOs","host":"localhost:5000","postman-token":"a199a3bd-da2d-4cb3-9a98-ada518f96bdf","user-agent":"PostmanRuntime/7.43.0"},"level":"info","message":"HTTP Request","method":"GET","timestamp":"2025-02-09T08:53:42.409Z","url":"/api/blogs/"}
{"body":{},"clientIP":"::1","headers":{"accept":"*/*","accept-encoding":"gzip, deflate, br","connection":"keep-alive","cookie":"access_token=eyJhbGciOiJIUzI1NiIsInR5cCI6IkpXVCJ9.eyJpZCI6IjY3YTRkNDZkN2ZjYjhiMTZiMWFiM2Y2ZSIsImlhdCI6MTczODkyMzEwMiwiZXhwIjoxNzM4OTI2NzAyfQ.fZAk_ANOsFpHNWCvdrmgVlQr60rMxhXSTqX3NODjVOs","host":"localhost:5000","postman-token":"db042d1a-976a-4ef1-a45e-4c86516fc397","user-agent":"PostmanRuntime/7.43.0"},"level":"info","message":"HTTP Request","method":"GET","timestamp":"2025-02-09T08:54:46.722Z","url":"/api/blogs/"}
{"level":"info","message":"Winston logging is set up!","timestamp":"2025-02-09T08:54:55.067Z"}
{"level":"info","message":"Server is running on port 5000","timestamp":"2025-02-09T08:54:56.683Z"}
{"level":"info","message":"Winston logging is set up!","timestamp":"2025-02-09T08:54:59.738Z"}
{"level":"info","message":"Server is running on port 5000","timestamp":"2025-02-09T08:55:01.467Z"}
{"level":"info","message":"Connected to database successfully","timestamp":"2025-02-09T08:55:11.183Z"}
{"clientIP":"::1","headers":{"accept":"*/*","accept-encoding":"gzip, deflate, br","connection":"keep-alive","cookie":"access_token=eyJhbGciOiJIUzI1NiIsInR5cCI6IkpXVCJ9.eyJpZCI6IjY3YTRkNDZkN2ZjYjhiMTZiMWFiM2Y2ZSIsImlhdCI6MTczODkyMzEwMiwiZXhwIjoxNzM4OTI2NzAyfQ.fZAk_ANOsFpHNWCvdrmgVlQr60rMxhXSTqX3NODjVOs","host":"localhost:5000","postman-token":"98fa6f9c-c03e-4378-b2ce-843897fa1fad","user-agent":"PostmanRuntime/7.43.0"},"level":"info","message":"HTTP Request","method":"GET","timestamp":"2025-02-09T08:55:21.522Z","url":"/api/blogs/"}
{"level":"info","message":"Winston logging is set up!","timestamp":"2025-02-09T08:55:51.600Z"}
{"level":"info","message":"Server is running on port 5000","timestamp":"2025-02-09T08:55:53.110Z"}
{"level":"info","message":"Winston logging is set up!","timestamp":"2025-02-09T08:55:55.285Z"}
{"level":"info","message":"Server is running on port 5000","timestamp":"2025-02-09T08:55:57.017Z"}
{"level":"info","message":"Winston logging is set up!","timestamp":"2025-02-09T08:56:02.315Z"}
{"level":"info","message":"Server is running on port 5000","timestamp":"2025-02-09T08:56:04.216Z"}
{"clientIP":"::1","level":"info","message":"HTTP Request","method":"GET","timestamp":"2025-02-09T08:56:08.645Z","url":"/api/blogs/"}
{"level":"info","message":"Connected to database successfully","timestamp":"2025-02-09T08:56:12.685Z"}
{"level":"info","message":"Server is running on port 5000","timestamp":"2025-02-09T08:57:18.900Z"}
{"level":"info","message":"Connected to database successfully","timestamp":"2025-02-09T08:57:24.055Z"}
{"level":"info","message":"Winston logging is set up!","timestamp":"2025-02-09T08:59:24.221Z"}
{"level":"info","message":"Server is running on port 5000","timestamp":"2025-02-09T08:59:26.337Z"}
{"level":"info","message":"Connected to database successfully","timestamp":"2025-02-09T08:59:33.741Z"}
{"clientIP":"::1","level":"info","message":"HTTP Request","method":"POST","timestamp":"2025-02-09T09:00:18.488Z","url":"/api/auth/signup"}
{"level":"info","message":"Winston logging is set up!","timestamp":"2025-02-09T09:04:36.791Z"}
{"level":"info","message":"Server is running on port 5000","timestamp":"2025-02-09T09:04:38.710Z"}
{"level":"info","message":"Connected to database successfully","timestamp":"2025-02-09T09:04:42.055Z"}
{"level":"info","message":"Winston logging is set up!","timestamp":"2025-02-09T09:04:58.416Z"}
{"level":"info","message":"Server is running on port 5000","timestamp":"2025-02-09T09:05:00.082Z"}
{"level":"info","message":"Connected to database successfully","timestamp":"2025-02-09T09:05:04.438Z"}
{"level":"info","message":"Winston logging is set up!","timestamp":"2025-02-09T09:05:04.763Z"}
{"level":"info","message":"Server is running on port 5000","timestamp":"2025-02-09T09:05:06.758Z"}
{"level":"info","message":"Winston logging is set up!","timestamp":"2025-02-09T09:05:07.383Z"}
{"level":"info","message":"Server is running on port 5000","timestamp":"2025-02-09T09:05:08.916Z"}
{"level":"info","message":"Connected to database successfully","timestamp":"2025-02-09T09:05:14.866Z"}
{"level":"info","message":"Winston logging is set up!","timestamp":"2025-02-09T09:05:28.802Z"}
{"level":"info","message":"Server is running on port 5000","timestamp":"2025-02-09T09:05:30.473Z"}
{"clientIP":"::1","level":"info","message":"HTTP Request","method":"POST","timestamp":"2025-02-09T09:05:37.187Z","url":"/api/auth/signup"}
{"level":"info","message":"Connected to database successfully","timestamp":"2025-02-09T09:05:39.906Z"}
{"level":"info","message":"Winston logging is set up!","timestamp":"2025-02-09T09:06:24.293Z"}
{"level":"info","message":"Server is running on port 5000","timestamp":"2025-02-09T09:06:26.113Z"}
{"level":"info","message":"Winston logging is set up!","timestamp":"2025-02-09T09:06:28.251Z"}
{"level":"info","message":"Server is running on port 5000","timestamp":"2025-02-09T09:06:30.268Z"}
{"level":"info","message":"Winston logging is set up!","timestamp":"2025-02-09T09:06:31.355Z"}
{"level":"info","message":"Server is running on port 5000","timestamp":"2025-02-09T09:06:33.269Z"}
{"level":"info","message":"Connected to database successfully","timestamp":"2025-02-09T09:06:39.584Z"}
{"level":"info","message":"Winston logging is set up!","timestamp":"2025-02-09T09:08:35.431Z"}
{"level":"info","message":"Server is running on port 5000","timestamp":"2025-02-09T09:08:37.091Z"}
{"level":"info","message":"Winston logging is set up!","timestamp":"2025-02-09T09:08:42.433Z"}
{"level":"info","message":"Server is running on port 5000","timestamp":"2025-02-09T09:08:43.914Z"}
{"level":"info","message":"Connected to database successfully","timestamp":"2025-02-09T09:08:46.995Z"}
{"level":"info","message":"Winston logging is set up!","timestamp":"2025-02-09T09:08:50.044Z"}
{"level":"info","message":"Server is running on port 5000","timestamp":"2025-02-09T09:08:51.851Z"}
{"level":"info","message":"Winston logging is set up!","timestamp":"2025-02-09T09:08:59.711Z"}
{"level":"info","message":"Server is running on port 5000","timestamp":"2025-02-09T09:09:01.651Z"}
{"level":"info","message":"Winston logging is set up!","timestamp":"2025-02-09T09:09:02.562Z"}
{"level":"info","message":"Server is running on port 5000","timestamp":"2025-02-09T09:09:04.431Z"}
{"level":"info","message":"Winston logging is set up!","timestamp":"2025-02-09T09:09:06.326Z"}
{"level":"info","message":"Server is running on port 5000","timestamp":"2025-02-09T09:09:08.071Z"}
{"level":"info","message":"Connected to database successfully","timestamp":"2025-02-09T09:09:19.604Z"}
{"level":"info","message":"Winston logging is set up!","timestamp":"2025-02-09T09:09:25.103Z"}
{"level":"info","message":"Server is running on port 5000","timestamp":"2025-02-09T09:09:27.237Z"}
{"level":"info","message":"Connected to database successfully","timestamp":"2025-02-09T09:09:31.366Z"}
{"clientIP":"::1","level":"info","message":"HTTP Request","method":"POST","timestamp":"2025-02-09T09:09:35.323Z","url":"/api/auth/signup"}
{"level":"info","message":"Winston logging is set up!","timestamp":"2025-02-09T09:10:34.160Z"}
{"level":"info","message":"Server is running on port 5000","timestamp":"2025-02-09T09:10:35.810Z"}
{"level":"info","message":"Winston logging is set up!","timestamp":"2025-02-09T09:10:37.379Z"}
{"level":"info","message":"Server is running on port 5000","timestamp":"2025-02-09T09:10:39.035Z"}
{"level":"info","message":"Connected to database successfully","timestamp":"2025-02-09T09:10:42.047Z"}
{"level":"info","message":"Winston logging is set up!","timestamp":"2025-02-09T09:10:44.387Z"}
{"level":"info","message":"Server is running on port 5000","timestamp":"2025-02-09T09:10:46.438Z"}
{"level":"info","message":"Connected to database successfully","timestamp":"2025-02-09T09:10:51.999Z"}
{"body":{"email":"keedmail@gail.com","firstname":"Gift","lastname":"kids","password":"Qwerty12","username":"kedmail"},"clientIP":"::1","level":"info","message":"HTTP Request","method":"POST","timestamp":"2025-02-09T09:10:53.298Z","url":"/api/auth/signup"}
{"level":"info","message":"Winston logging is set up!","timestamp":"2025-02-09T09:12:08.209Z"}
{"level":"info","message":"Server is running on port 5000","timestamp":"2025-02-09T09:12:09.844Z"}
{"level":"info","message":"Connected to database successfully","timestamp":"2025-02-09T09:12:16.823Z"}
{"level":"info","message":"Winston logging is set up!","timestamp":"2025-02-09T09:12:21.136Z"}
{"level":"info","message":"Server is running on port 5000","timestamp":"2025-02-09T09:12:22.819Z"}
{"level":"info","message":"Connected to database successfully","timestamp":"2025-02-09T09:12:26.503Z"}
{"clientIP":"::1","level":"info","message":"HTTP Request","method":"POST","timestamp":"2025-02-09T09:13:09.932Z","url":"/api/auth/signup"}
{"level":"info","message":"Winston logging is set up!","timestamp":"2025-02-09T09:13:34.632Z"}
{"level":"info","message":"Server is running on port 5000","timestamp":"2025-02-09T09:13:36.512Z"}
{"level":"info","message":"Winston logging is set up!","timestamp":"2025-02-09T09:13:37.078Z"}
{"level":"info","message":"Server is running on port 5000","timestamp":"2025-02-09T09:13:38.723Z"}
{"level":"info","message":"Winston logging is set up!","timestamp":"2025-02-09T09:13:42.550Z"}
{"level":"info","message":"Server is running on port 5000","timestamp":"2025-02-09T09:13:44.352Z"}
{"level":"info","message":"Connected to database successfully","timestamp":"2025-02-09T09:13:48.086Z"}
{"clientIP":"::1","level":"info","message":"HTTP Request","method":"POST","timestamp":"2025-02-09T09:14:15.157Z","url":"/api/auth/signup"}
